{   '754_const': {   'cpu_time': 0,
                     'exec_type': 'unknown',
                     'execution_index': 0,
                     'layer_type': 'Const',
                     'real_time': 0,
                     'status': 'NOT_RUN'},
    '784_const': {   'cpu_time': 0,
                     'exec_type': 'unknown',
                     'execution_index': 1,
                     'layer_type': 'Const',
                     'real_time': 0,
                     'status': 'NOT_RUN'},
    '786_const': {   'cpu_time': 0,
                     'exec_type': 'unknown',
                     'execution_index': 2,
                     'layer_type': 'Const',
                     'real_time': 0,
                     'status': 'NOT_RUN'},
    'Copy_L0008_ActivationBin-back_bone_seq.conv2_2_sep_relubin_bin_conv_BIN01/Input_1/Output_0/Data_1184_const': {   'cpu_time': 0,
                                                                                                                      'exec_type': 'unknown',
                                                                                                                      'execution_index': 3,
                                                                                                                      'layer_type': 'Const',
                                                                                                                      'real_time': 0,
                                                                                                                      'status': 'NOT_RUN'},
    'Copy_L0008_ActivationBin-back_bone_seq.conv2_2_sep_relubin_bin_conv_BIN01/Input_1/Output_0/Data__const': {   'cpu_time': 0,
                                                                                                                  'exec_type': 'unknown',
                                                                                                                  'execution_index': 4,
                                                                                                                  'layer_type': 'Const',
                                                                                                                  'real_time': 0,
                                                                                                                  'status': 'NOT_RUN'},
    'Copy_L0060_ActivationBin-back_bone_seq.conv5_6_sep_relubin_bin_conv_BIN01/Input_1/Output_0/Data_1190_const': {   'cpu_time': 0,
                                                                                                                      'exec_type': 'unknown',
                                                                                                                      'execution_index': 5,
                                                                                                                      'layer_type': 'Const',
                                                                                                                      'real_time': 0,
                                                                                                                      'status': 'NOT_RUN'},
    'Copy_L0060_ActivationBin-back_bone_seq.conv5_6_sep_relubin_bin_conv_BIN01/Input_1/Output_0/Data__const': {   'cpu_time': 15,
                                                                                                                  'exec_type': 'unknown',
                                                                                                                  'execution_index': 6,
                                                                                                                  'layer_type': 'Const',
                                                                                                                  'real_time': 15,
                                                                                                                  'status': 'EXECUTED'},
    'L0000_Conv2d-back_bone_seq.conv1_BN': {   'cpu_time': 2060,
                                               'exec_type': 'jit_sse42_FP32',
                                               'execution_index': 9,
                                               'layer_type': 'Convolution',
                                               'real_time': 2060,
                                               'status': 'EXECUTED'},
    'L0001_ReLU-back_bone_seq.conv1_relu': {   'cpu_time': 0,
                                               'exec_type': 'undef',
                                               'execution_index': 10,
                                               'layer_type': 'ReLU',
                                               'real_time': 0,
                                               'status': 'NOT_RUN'},
    'L0002_Conv2d-back_bone_seq.conv2_1_dw_BN': {   'cpu_time': 0,
                                                    'exec_type': 'undef',
                                                    'execution_index': 11,
                                                    'layer_type': 'Convolution',
                                                    'real_time': 0,
                                                    'status': 'NOT_RUN'},
    'L0003_ReLU-back_bone_seq.conv1_relu': {   'cpu_time': 0,
                                               'exec_type': 'undef',
                                               'execution_index': 12,
                                               'layer_type': 'ReLU',
                                               'real_time': 0,
                                               'status': 'NOT_RUN'},
    'L0004_Conv2d-back_bone_seq.conv2_1_sep_BN': {   'cpu_time': 4227,
                                                     'exec_type': 'jit_sse42_1x1_FP32',
                                                     'execution_index': 13,
                                                     'layer_type': 'Convolution',
                                                     'real_time': 4227,
                                                     'status': 'EXECUTED'},
    'L0004_Conv2d-back_bone_seq.conv2_1_sep_BN_nChw8c_nhwc_L0008_ActivationBin-back_bone_seq.conv2_2_sep_relubin_bin_conv_BIN01/Quantize_': {   'cpu_time': 446,
                                                                                                                                                'exec_type': 'jit_uni_FP32',
                                                                                                                                                'execution_index': 16,
                                                                                                                                                'layer_type': 'Reorder',
                                                                                                                                                'real_time': 446,
                                                                                                                                                'status': 'EXECUTED'},
    'L0005_ReLU-back_bone_seq.conv1_relu': {   'cpu_time': 0,
                                               'exec_type': 'undef',
                                               'execution_index': 14,
                                               'layer_type': 'ReLU',
                                               'real_time': 0,
                                               'status': 'NOT_RUN'},
    'L0006_Conv2d-back_bone_seq.conv2_2_dw_BN': {   'cpu_time': 0,
                                                    'exec_type': 'undef',
                                                    'execution_index': 15,
                                                    'layer_type': 'Convolution',
                                                    'real_time': 0,
                                                    'status': 'NOT_RUN'},
    'L0008_ActivationBin-back_bone_seq.conv2_2_sep_relubin_bin_conv_BIN01/Quantize_': {   'cpu_time': 188,
                                                                                          'exec_type': 'jit_sse42_FP32',
                                                                                          'execution_index': 17,
                                                                                          'layer_type': 'Quantize',
                                                                                          'real_time': 188,
                                                                                          'status': 'EXECUTED'},
    'L0009_Conv2d-back_bone_seq.conv2_2_sep-BIN': {   'cpu_time': 1358,
                                                      'exec_type': 'jit_sse42_BIN',
                                                      'execution_index': 18,
                                                      'layer_type': 'BinaryConvolution',
                                                      'real_time': 1358,
                                                      'status': 'EXECUTED'},
    'L0009_Conv2d-back_bone_seq.conv2_2_sep-BINMul/After/Fused_Mul_/FusedScaleShift_': {   'cpu_time': 0,
                                                                                           'exec_type': 'undef',
                                                                                           'execution_index': 19,
                                                                                           'layer_type': 'ScaleShift',
                                                                                           'real_time': 0,
                                                                                           'status': 'NOT_RUN'},
    'L0010_ReLU-back_bone_seq.conv1_relu': {   'cpu_time': 0,
                                               'exec_type': 'undef',
                                               'execution_index': 20,
                                               'layer_type': 'ReLU',
                                               'real_time': 0,
                                               'status': 'NOT_RUN'},
    'L0011_Conv2d-back_bone_seq.conv3_1_dw_BN': {   'cpu_time': 0,
                                                    'exec_type': 'undef',
                                                    'execution_index': 21,
                                                    'layer_type': 'Convolution',
                                                    'real_time': 0,
                                                    'status': 'NOT_RUN'},
    'L0013_ActivationBin-back_bone_seq.conv3_1_sep_relubin_bin_conv_BIN01/Quantize_': {   'cpu_time': 0,
                                                                                          'exec_type': 'undef',
                                                                                          'execution_index': 22,
                                                                                          'layer_type': 'Quantize',
                                                                                          'real_time': 0,
                                                                                          'status': 'NOT_RUN'},
    'L0014_Conv2d-back_bone_seq.conv3_1_sep-BIN': {   'cpu_time': 1591,
                                                      'exec_type': 'jit_sse42_BIN',
                                                      'execution_index': 23,
                                                      'layer_type': 'BinaryConvolution',
                                                      'real_time': 1591,
                                                      'status': 'EXECUTED'},
    'L0014_Conv2d-back_bone_seq.conv3_1_sep-BINMul/After/Fused_Mul_/FusedScaleShift_': {   'cpu_time': 0,
                                                                                           'exec_type': 'undef',
                                                                                           'execution_index': 24,
                                                                                           'layer_type': 'ScaleShift',
                                                                                           'real_time': 0,
                                                                                           'status': 'NOT_RUN'},
    'L0015_ReLU-back_bone_seq.conv1_relu': {   'cpu_time': 0,
                                               'exec_type': 'undef',
                                               'execution_index': 25,
                                               'layer_type': 'ReLU',
                                               'real_time': 0,
                                               'status': 'NOT_RUN'},
    'L0016_Conv2d-back_bone_seq.conv3_2_dw_BN': {   'cpu_time': 0,
                                                    'exec_type': 'undef',
                                                    'execution_index': 26,
                                                    'layer_type': 'Convolution',
                                                    'real_time': 0,
                                                    'status': 'NOT_RUN'},
    'L0018_ActivationBin-back_bone_seq.conv3_2_sep_relubin_bin_conv_BIN01/Quantize_': {   'cpu_time': 0,
                                                                                          'exec_type': 'undef',
                                                                                          'execution_index': 27,
                                                                                          'layer_type': 'Quantize',
                                                                                          'real_time': 0,
                                                                                          'status': 'NOT_RUN'},
    'L0019_Conv2d-back_bone_seq.conv3_2_sep-BIN': {   'cpu_time': 962,
                                                      'exec_type': 'jit_sse42_BIN',
                                                      'execution_index': 28,
                                                      'layer_type': 'BinaryConvolution',
                                                      'real_time': 962,
                                                      'status': 'EXECUTED'},
    'L0019_Conv2d-back_bone_seq.conv3_2_sep-BINMul/After/Fused_Mul_/FusedScaleShift_': {   'cpu_time': 0,
                                                                                           'exec_type': 'undef',
                                                                                           'execution_index': 29,
                                                                                           'layer_type': 'ScaleShift',
                                                                                           'real_time': 0,
                                                                                           'status': 'NOT_RUN'},
    'L0020_ReLU-back_bone_seq.conv1_relu': {   'cpu_time': 0,
                                               'exec_type': 'undef',
                                               'execution_index': 30,
                                               'layer_type': 'ReLU',
                                               'real_time': 0,
                                               'status': 'NOT_RUN'},
    'L0021_Conv2d-back_bone_seq.conv4_1_dw_BN': {   'cpu_time': 0,
                                                    'exec_type': 'undef',
                                                    'execution_index': 31,
                                                    'layer_type': 'Convolution',
                                                    'real_time': 0,
                                                    'status': 'NOT_RUN'},
    'L0023_ActivationBin-back_bone_seq.conv4_1_sep_relubin_bin_conv_BIN01/Quantize_': {   'cpu_time': 0,
                                                                                          'exec_type': 'undef',
                                                                                          'execution_index': 32,
                                                                                          'layer_type': 'Quantize',
                                                                                          'real_time': 0,
                                                                                          'status': 'NOT_RUN'},
    'L0024_Conv2d-back_bone_seq.conv4_1_sep-BIN': {   'cpu_time': 1174,
                                                      'exec_type': 'jit_sse42_BIN',
                                                      'execution_index': 33,
                                                      'layer_type': 'BinaryConvolution',
                                                      'real_time': 1174,
                                                      'status': 'EXECUTED'},
    'L0024_Conv2d-back_bone_seq.conv4_1_sep-BINMul/After/Fused_Mul_/FusedScaleShift_': {   'cpu_time': 0,
                                                                                           'exec_type': 'undef',
                                                                                           'execution_index': 34,
                                                                                           'layer_type': 'ScaleShift',
                                                                                           'real_time': 0,
                                                                                           'status': 'NOT_RUN'},
    'L0025_ReLU-back_bone_seq.conv1_relu': {   'cpu_time': 0,
                                               'exec_type': 'undef',
                                               'execution_index': 35,
                                               'layer_type': 'ReLU',
                                               'real_time': 0,
                                               'status': 'NOT_RUN'},
    'L0026_Conv2d-back_bone_seq.conv4_2_dw_BN': {   'cpu_time': 0,
                                                    'exec_type': 'undef',
                                                    'execution_index': 36,
                                                    'layer_type': 'Convolution',
                                                    'real_time': 0,
                                                    'status': 'NOT_RUN'},
    'L0028_ActivationBin-back_bone_seq.conv4_2_sep_relubin_bin_conv_BIN01/Quantize_': {   'cpu_time': 0,
                                                                                          'exec_type': 'undef',
                                                                                          'execution_index': 37,
                                                                                          'layer_type': 'Quantize',
                                                                                          'real_time': 0,
                                                                                          'status': 'NOT_RUN'},
    'L0029_Conv2d-back_bone_seq.conv4_2_sep-BIN': {   'cpu_time': 570,
                                                      'exec_type': 'jit_sse42_BIN',
                                                      'execution_index': 38,
                                                      'layer_type': 'BinaryConvolution',
                                                      'real_time': 570,
                                                      'status': 'EXECUTED'},
    'L0029_Conv2d-back_bone_seq.conv4_2_sep-BINMul/After/Fused_Mul_/FusedScaleShift_': {   'cpu_time': 0,
                                                                                           'exec_type': 'undef',
                                                                                           'execution_index': 39,
                                                                                           'layer_type': 'ScaleShift',
                                                                                           'real_time': 0,
                                                                                           'status': 'NOT_RUN'},
    'L0030_ReLU-back_bone_seq.conv1_relu': {   'cpu_time': 0,
                                               'exec_type': 'undef',
                                               'execution_index': 40,
                                               'layer_type': 'ReLU',
                                               'real_time': 0,
                                               'status': 'NOT_RUN'},
    'L0031_Conv2d-back_bone_seq.conv5_1_dw_BN': {   'cpu_time': 0,
                                                    'exec_type': 'undef',
                                                    'execution_index': 41,
                                                    'layer_type': 'Convolution',
                                                    'real_time': 0,
                                                    'status': 'NOT_RUN'},
    'L0033_ActivationBin-back_bone_seq.conv5_1_sep_relubin_bin_conv_BIN01/Quantize_': {   'cpu_time': 0,
                                                                                          'exec_type': 'undef',
                                                                                          'execution_index': 42,
                                                                                          'layer_type': 'Quantize',
                                                                                          'real_time': 0,
                                                                                          'status': 'NOT_RUN'},
    'L0034_Conv2d-back_bone_seq.conv5_1_sep-BIN': {   'cpu_time': 662,
                                                      'exec_type': 'jit_sse42_BIN',
                                                      'execution_index': 43,
                                                      'layer_type': 'BinaryConvolution',
                                                      'real_time': 662,
                                                      'status': 'EXECUTED'},
    'L0034_Conv2d-back_bone_seq.conv5_1_sep-BINMul/After/Fused_Mul_/FusedScaleShift_': {   'cpu_time': 0,
                                                                                           'exec_type': 'undef',
                                                                                           'execution_index': 44,
                                                                                           'layer_type': 'ScaleShift',
                                                                                           'real_time': 0,
                                                                                           'status': 'NOT_RUN'},
    'L0035_ReLU-back_bone_seq.conv1_relu': {   'cpu_time': 0,
                                               'exec_type': 'undef',
                                               'execution_index': 45,
                                               'layer_type': 'ReLU',
                                               'real_time': 0,
                                               'status': 'NOT_RUN'},
    'L0036_Conv2d-back_bone_seq.conv5_2_dw_BN': {   'cpu_time': 0,
                                                    'exec_type': 'undef',
                                                    'execution_index': 46,
                                                    'layer_type': 'Convolution',
                                                    'real_time': 0,
                                                    'status': 'NOT_RUN'},
    'L0038_ActivationBin-back_bone_seq.conv5_2_sep_relubin_bin_conv_BIN01/Quantize_': {   'cpu_time': 0,
                                                                                          'exec_type': 'undef',
                                                                                          'execution_index': 47,
                                                                                          'layer_type': 'Quantize',
                                                                                          'real_time': 0,
                                                                                          'status': 'NOT_RUN'},
    'L0039_Conv2d-back_bone_seq.conv5_2_sep-BIN': {   'cpu_time': 562,
                                                      'exec_type': 'jit_sse42_BIN',
                                                      'execution_index': 48,
                                                      'layer_type': 'BinaryConvolution',
                                                      'real_time': 562,
                                                      'status': 'EXECUTED'},
    'L0039_Conv2d-back_bone_seq.conv5_2_sep-BINMul/After/Fused_Mul_/FusedScaleShift_': {   'cpu_time': 0,
                                                                                           'exec_type': 'undef',
                                                                                           'execution_index': 49,
                                                                                           'layer_type': 'ScaleShift',
                                                                                           'real_time': 0,
                                                                                           'status': 'NOT_RUN'},
    'L0040_ReLU-back_bone_seq.conv1_relu': {   'cpu_time': 0,
                                               'exec_type': 'undef',
                                               'execution_index': 50,
                                               'layer_type': 'ReLU',
                                               'real_time': 0,
                                               'status': 'NOT_RUN'},
    'L0041_Conv2d-back_bone_seq.conv5_3_dw_BN': {   'cpu_time': 0,
                                                    'exec_type': 'undef',
                                                    'execution_index': 51,
                                                    'layer_type': 'Convolution',
                                                    'real_time': 0,
                                                    'status': 'NOT_RUN'},
    'L0043_ActivationBin-back_bone_seq.conv5_3_sep_relubin_bin_conv_BIN01/Quantize_': {   'cpu_time': 0,
                                                                                          'exec_type': 'undef',
                                                                                          'execution_index': 52,
                                                                                          'layer_type': 'Quantize',
                                                                                          'real_time': 0,
                                                                                          'status': 'NOT_RUN'},
    'L0044_Conv2d-back_bone_seq.conv5_3_sep-BIN': {   'cpu_time': 438,
                                                      'exec_type': 'jit_sse42_BIN',
                                                      'execution_index': 53,
                                                      'layer_type': 'BinaryConvolution',
                                                      'real_time': 438,
                                                      'status': 'EXECUTED'},
    'L0044_Conv2d-back_bone_seq.conv5_3_sep-BINMul/After/Fused_Mul_/FusedScaleShift_': {   'cpu_time': 0,
                                                                                           'exec_type': 'undef',
                                                                                           'execution_index': 54,
                                                                                           'layer_type': 'ScaleShift',
                                                                                           'real_time': 0,
                                                                                           'status': 'NOT_RUN'},
    'L0045_ReLU-back_bone_seq.conv1_relu': {   'cpu_time': 0,
                                               'exec_type': 'undef',
                                               'execution_index': 55,
                                               'layer_type': 'ReLU',
                                               'real_time': 0,
                                               'status': 'NOT_RUN'},
    'L0046_Conv2d-back_bone_seq.conv5_4_dw_BN': {   'cpu_time': 0,
                                                    'exec_type': 'undef',
                                                    'execution_index': 56,
                                                    'layer_type': 'Convolution',
                                                    'real_time': 0,
                                                    'status': 'NOT_RUN'},
    'L0048_ActivationBin-back_bone_seq.conv5_4_sep_relubin_bin_conv_BIN01/Quantize_': {   'cpu_time': 0,
                                                                                          'exec_type': 'undef',
                                                                                          'execution_index': 57,
                                                                                          'layer_type': 'Quantize',
                                                                                          'real_time': 0,
                                                                                          'status': 'NOT_RUN'},
    'L0049_Conv2d-back_bone_seq.conv5_4_sep-BIN': {   'cpu_time': 337,
                                                      'exec_type': 'jit_sse42_BIN',
                                                      'execution_index': 58,
                                                      'layer_type': 'BinaryConvolution',
                                                      'real_time': 337,
                                                      'status': 'EXECUTED'},
    'L0049_Conv2d-back_bone_seq.conv5_4_sep-BINMul/After/Fused_Mul_/FusedScaleShift_': {   'cpu_time': 0,
                                                                                           'exec_type': 'undef',
                                                                                           'execution_index': 59,
                                                                                           'layer_type': 'ScaleShift',
                                                                                           'real_time': 0,
                                                                                           'status': 'NOT_RUN'},
    'L0050_ReLU-back_bone_seq.conv1_relu': {   'cpu_time': 0,
                                               'exec_type': 'undef',
                                               'execution_index': 60,
                                               'layer_type': 'ReLU',
                                               'real_time': 0,
                                               'status': 'NOT_RUN'},
    'L0051_Conv2d-back_bone_seq.conv5_5_dw_BN': {   'cpu_time': 0,
                                                    'exec_type': 'undef',
                                                    'execution_index': 61,
                                                    'layer_type': 'Convolution',
                                                    'real_time': 0,
                                                    'status': 'NOT_RUN'},
    'L0053_ActivationBin-back_bone_seq.conv5_5_sep_relubin_bin_conv_BIN01/Quantize_': {   'cpu_time': 0,
                                                                                          'exec_type': 'undef',
                                                                                          'execution_index': 62,
                                                                                          'layer_type': 'Quantize',
                                                                                          'real_time': 0,
                                                                                          'status': 'NOT_RUN'},
    'L0054_Conv2d-back_bone_seq.conv5_5_sep-BIN': {   'cpu_time': 195,
                                                      'exec_type': 'jit_sse42_BIN',
                                                      'execution_index': 63,
                                                      'layer_type': 'BinaryConvolution',
                                                      'real_time': 195,
                                                      'status': 'EXECUTED'},
    'L0054_Conv2d-back_bone_seq.conv5_5_sep-BINMul/After/Fused_Mul_/FusedScaleShift_': {   'cpu_time': 0,
                                                                                           'exec_type': 'undef',
                                                                                           'execution_index': 64,
                                                                                           'layer_type': 'ScaleShift',
                                                                                           'real_time': 0,
                                                                                           'status': 'NOT_RUN'},
    'L0054_Conv2d-back_bone_seq.conv5_5_sep-BIN_nhwc_nChw8c_L0056_Conv2d-loc_seq.conv4_3_0_norm_mbox_loc': {   'cpu_time': 35,
                                                                                                               'exec_type': 'jit_uni_FP32',
                                                                                                               'execution_index': 66,
                                                                                                               'layer_type': 'Reorder',
                                                                                                               'real_time': 35,
                                                                                                               'status': 'EXECUTED'},
    'L0054_Conv2d-back_bone_seq.conv5_5_sep-BIN_nhwc_nChw8c_L0057_Conv2d-loc_seq.conv4_3_norm_mbox_loc': {   'cpu_time': 30,
                                                                                                             'exec_type': 'jit_uni_FP32',
                                                                                                             'execution_index': 71,
                                                                                                             'layer_type': 'Reorder',
                                                                                                             'real_time': 30,
                                                                                                             'status': 'EXECUTED'},
    'L0054_Conv2d-back_bone_seq.conv5_5_sep-BIN_nhwc_nChw8c_L0058_Conv2d-back_bone_seq.conv5_6_dw_BN': {   'cpu_time': 29,
                                                                                                           'exec_type': 'jit_uni_FP32',
                                                                                                           'execution_index': 76,
                                                                                                           'layer_type': 'Reorder',
                                                                                                           'real_time': 29,
                                                                                                           'status': 'EXECUTED'},
    'L0054_Conv2d-back_bone_seq.conv5_5_sep-BIN_nhwc_nChw8c_L0096_Conv2d-conf_preproc_seq.conv5_5_sep_relu.conv5_5_sep_reduce': {   'cpu_time': 44,
                                                                                                                                    'exec_type': 'jit_uni_FP32',
                                                                                                                                    'execution_index': 181,
                                                                                                                                    'layer_type': 'Reorder',
                                                                                                                                    'real_time': 44,
                                                                                                                                    'status': 'EXECUTED'},
    'L0055_ReLU-back_bone_seq.conv1_relu': {   'cpu_time': 0,
                                               'exec_type': 'undef',
                                               'execution_index': 65,
                                               'layer_type': 'ReLU',
                                               'real_time': 0,
                                               'status': 'NOT_RUN'},
    'L0056_Conv2d-loc_seq.conv4_3_0_norm_mbox_loc': {   'cpu_time': 349,
                                                        'exec_type': 'jit_avx2_FP32',
                                                        'execution_index': 67,
                                                        'layer_type': 'Convolution',
                                                        'real_time': 349,
                                                        'status': 'EXECUTED'},
    'L0057_Conv2d-loc_seq.conv4_3_norm_mbox_loc': {   'cpu_time': 340,
                                                      'exec_type': 'jit_avx2_FP32',
                                                      'execution_index': 72,
                                                      'layer_type': 'Convolution',
                                                      'real_time': 340,
                                                      'status': 'EXECUTED'},
    'L0058_Conv2d-back_bone_seq.conv5_6_dw_BN': {   'cpu_time': 25,
                                                    'exec_type': 'jit_sse42_dw_FP32',
                                                    'execution_index': 77,
                                                    'layer_type': 'Convolution',
                                                    'real_time': 25,
                                                    'status': 'EXECUTED'},
    'L0058_Conv2d-back_bone_seq.conv5_6_dw_BN_nChw8c_nhwc_L0060_ActivationBin-back_bone_seq.conv5_6_sep_relubin_bin_conv_BIN01/Quantize_': {   'cpu_time': 12,
                                                                                                                                               'exec_type': 'jit_uni_FP32',
                                                                                                                                               'execution_index': 78,
                                                                                                                                               'layer_type': 'Reorder',
                                                                                                                                               'real_time': 12,
                                                                                                                                               'status': 'EXECUTED'},
    'L0060_ActivationBin-back_bone_seq.conv5_6_sep_relubin_bin_conv_BIN01/Quantize_': {   'cpu_time': 8,
                                                                                          'exec_type': 'jit_sse42_FP32',
                                                                                          'execution_index': 79,
                                                                                          'layer_type': 'Quantize',
                                                                                          'real_time': 8,
                                                                                          'status': 'EXECUTED'},
    'L0061_Conv2d-back_bone_seq.conv5_6_sep-BIN': {   'cpu_time': 80,
                                                      'exec_type': 'jit_sse42_BIN',
                                                      'execution_index': 80,
                                                      'layer_type': 'BinaryConvolution',
                                                      'real_time': 80,
                                                      'status': 'EXECUTED'},
    'L0061_Conv2d-back_bone_seq.conv5_6_sep-BINMul/After/Fused_Mul_/FusedScaleShift_': {   'cpu_time': 0,
                                                                                           'exec_type': 'undef',
                                                                                           'execution_index': 81,
                                                                                           'layer_type': 'ScaleShift',
                                                                                           'real_time': 0,
                                                                                           'status': 'NOT_RUN'},
    'L0061_Conv2d-back_bone_seq.conv5_6_sep-BIN_nhwc_nChw8c_L0065_Conv2d-back_bone_seq.conv6_sep_BN': {   'cpu_time': 24,
                                                                                                          'exec_type': 'jit_uni_FP32',
                                                                                                          'execution_index': 85,
                                                                                                          'layer_type': 'Reorder',
                                                                                                          'real_time': 24,
                                                                                                          'status': 'EXECUTED'},
    'L0062_ReLU-back_bone_seq.conv1_relu': {   'cpu_time': 0,
                                               'exec_type': 'undef',
                                               'execution_index': 82,
                                               'layer_type': 'ReLU',
                                               'real_time': 0,
                                               'status': 'NOT_RUN'},
    'L0063_Conv2d-back_bone_seq.conv6_dw_BN': {   'cpu_time': 0,
                                                  'exec_type': 'undef',
                                                  'execution_index': 83,
                                                  'layer_type': 'Convolution',
                                                  'real_time': 0,
                                                  'status': 'NOT_RUN'},
    'L0064_ReLU-back_bone_seq.conv1_relu': {   'cpu_time': 0,
                                               'exec_type': 'undef',
                                               'execution_index': 84,
                                               'layer_type': 'ReLU',
                                               'real_time': 0,
                                               'status': 'NOT_RUN'},
    'L0065_Conv2d-back_bone_seq.conv6_sep_BN': {   'cpu_time': 96,
                                                   'exec_type': 'jit_avx2_1x1_FP32',
                                                   'execution_index': 86,
                                                   'layer_type': 'Convolution',
                                                   'real_time': 96,
                                                   'status': 'EXECUTED'},
    'L0066_ReLU-back_bone_seq.conv1_relu': {   'cpu_time': 0,
                                               'exec_type': 'undef',
                                               'execution_index': 87,
                                               'layer_type': 'ReLU',
                                               'real_time': 0,
                                               'status': 'NOT_RUN'},
    'L0067_Conv2d-loc_seq.fc7_mbox_loc': {   'cpu_time': 91,
                                             'exec_type': 'jit_avx2_FP32',
                                             'execution_index': 88,
                                             'layer_type': 'Convolution',
                                             'real_time': 91,
                                             'status': 'EXECUTED'},
    'L0068_Conv2d-back_bone_seq.conv6_1_BN': {   'cpu_time': 49,
                                                 'exec_type': 'jit_avx2_1x1_FP32',
                                                 'execution_index': 92,
                                                 'layer_type': 'Convolution',
                                                 'real_time': 49,
                                                 'status': 'EXECUTED'},
    'L0069_ReLU-back_bone_seq.conv1_relu': {   'cpu_time': 0,
                                               'exec_type': 'undef',
                                               'execution_index': 93,
                                               'layer_type': 'ReLU',
                                               'real_time': 0,
                                               'status': 'NOT_RUN'},
    'L0070_Conv2d-back_bone_seq.conv6_2_dw_BN': {   'cpu_time': 9,
                                                    'exec_type': 'jit_sse42_dw_FP32',
                                                    'execution_index': 94,
                                                    'layer_type': 'Convolution',
                                                    'real_time': 9,
                                                    'status': 'EXECUTED'},
    'L0071_ReLU-back_bone_seq.conv1_relu': {   'cpu_time': 0,
                                               'exec_type': 'undef',
                                               'execution_index': 95,
                                               'layer_type': 'ReLU',
                                               'real_time': 0,
                                               'status': 'NOT_RUN'},
    'L0072_Conv2d-back_bone_seq.conv6_2_new_BN': {   'cpu_time': 22,
                                                     'exec_type': 'jit_avx2_1x1_FP32',
                                                     'execution_index': 96,
                                                     'layer_type': 'Convolution',
                                                     'real_time': 22,
                                                     'status': 'EXECUTED'},
    'L0073_ReLU-back_bone_seq.conv1_relu': {   'cpu_time': 0,
                                               'exec_type': 'undef',
                                               'execution_index': 97,
                                               'layer_type': 'ReLU',
                                               'real_time': 0,
                                               'status': 'NOT_RUN'},
    'L0074_Conv2d-loc_seq.conv6_2_mbox_loc': {   'cpu_time': 44,
                                                 'exec_type': 'jit_avx2_FP32',
                                                 'execution_index': 98,
                                                 'layer_type': 'Convolution',
                                                 'real_time': 44,
                                                 'status': 'EXECUTED'},
    'L0075_Conv2d-back_bone_seq.conv7_1_BN': {   'cpu_time': 22,
                                                 'exec_type': 'jit_avx2_1x1_FP32',
                                                 'execution_index': 102,
                                                 'layer_type': 'Convolution',
                                                 'real_time': 22,
                                                 'status': 'EXECUTED'},
    'L0076_ReLU-back_bone_seq.conv1_relu': {   'cpu_time': 0,
                                               'exec_type': 'undef',
                                               'execution_index': 103,
                                               'layer_type': 'ReLU',
                                               'real_time': 0,
                                               'status': 'NOT_RUN'},
    'L0077_Conv2d-back_bone_seq.conv7_2_dw_BN': {   'cpu_time': 6,
                                                    'exec_type': 'jit_sse42_dw_FP32',
                                                    'execution_index': 104,
                                                    'layer_type': 'Convolution',
                                                    'real_time': 6,
                                                    'status': 'EXECUTED'},
    'L0078_ReLU-back_bone_seq.conv1_relu': {   'cpu_time': 0,
                                               'exec_type': 'undef',
                                               'execution_index': 105,
                                               'layer_type': 'ReLU',
                                               'real_time': 0,
                                               'status': 'NOT_RUN'},
    'L0079_Conv2d-back_bone_seq.conv7_2_new_BN': {   'cpu_time': 12,
                                                     'exec_type': 'jit_avx2_1x1_FP32',
                                                     'execution_index': 106,
                                                     'layer_type': 'Convolution',
                                                     'real_time': 12,
                                                     'status': 'EXECUTED'},
    'L0080_ReLU-back_bone_seq.conv1_relu': {   'cpu_time': 0,
                                               'exec_type': 'undef',
                                               'execution_index': 107,
                                               'layer_type': 'ReLU',
                                               'real_time': 0,
                                               'status': 'NOT_RUN'},
    'L0081_Conv2d-loc_seq.conv7_2_mbox_loc': {   'cpu_time': 19,
                                                 'exec_type': 'jit_avx2_FP32',
                                                 'execution_index': 108,
                                                 'layer_type': 'Convolution',
                                                 'real_time': 19,
                                                 'status': 'EXECUTED'},
    'L0082_Conv2d-back_bone_seq.conv8_1_BN': {   'cpu_time': 15,
                                                 'exec_type': 'jit_avx2_1x1_FP32',
                                                 'execution_index': 112,
                                                 'layer_type': 'Convolution',
                                                 'real_time': 15,
                                                 'status': 'EXECUTED'},
    'L0083_ReLU-back_bone_seq.conv1_relu': {   'cpu_time': 0,
                                               'exec_type': 'undef',
                                               'execution_index': 113,
                                               'layer_type': 'ReLU',
                                               'real_time': 0,
                                               'status': 'NOT_RUN'},
    'L0084_Conv2d-back_bone_seq.conv8_2_dw_BN': {   'cpu_time': 5,
                                                    'exec_type': 'jit_sse42_dw_FP32',
                                                    'execution_index': 114,
                                                    'layer_type': 'Convolution',
                                                    'real_time': 5,
                                                    'status': 'EXECUTED'},
    'L0085_ReLU-back_bone_seq.conv1_relu': {   'cpu_time': 0,
                                               'exec_type': 'undef',
                                               'execution_index': 115,
                                               'layer_type': 'ReLU',
                                               'real_time': 0,
                                               'status': 'NOT_RUN'},
    'L0086_Conv2d-back_bone_seq.conv8_2_new_BN': {   'cpu_time': 15,
                                                     'exec_type': 'jit_avx2_1x1_FP32',
                                                     'execution_index': 116,
                                                     'layer_type': 'Convolution',
                                                     'real_time': 15,
                                                     'status': 'EXECUTED'},
    'L0087_ReLU-back_bone_seq.conv1_relu': {   'cpu_time': 0,
                                               'exec_type': 'undef',
                                               'execution_index': 117,
                                               'layer_type': 'ReLU',
                                               'real_time': 0,
                                               'status': 'NOT_RUN'},
    'L0088_Conv2d-loc_seq.conv8_2_mbox_loc': {   'cpu_time': 15,
                                                 'exec_type': 'jit_avx2_FP32',
                                                 'execution_index': 118,
                                                 'layer_type': 'Convolution',
                                                 'real_time': 15,
                                                 'status': 'EXECUTED'},
    'L0089_Conv2d-back_bone_seq.conv9_1_BN': {   'cpu_time': 9,
                                                 'exec_type': 'jit_avx2_1x1_FP32',
                                                 'execution_index': 122,
                                                 'layer_type': 'Convolution',
                                                 'real_time': 9,
                                                 'status': 'EXECUTED'},
    'L0090_ReLU-back_bone_seq.conv1_relu': {   'cpu_time': 0,
                                               'exec_type': 'undef',
                                               'execution_index': 123,
                                               'layer_type': 'ReLU',
                                               'real_time': 0,
                                               'status': 'NOT_RUN'},
    'L0091_Conv2d-back_bone_seq.conv9_2_dw_BN': {   'cpu_time': 4,
                                                    'exec_type': 'jit_sse42_dw_FP32',
                                                    'execution_index': 124,
                                                    'layer_type': 'Convolution',
                                                    'real_time': 4,
                                                    'status': 'EXECUTED'},
    'L0092_ReLU-back_bone_seq.conv1_relu': {   'cpu_time': 0,
                                               'exec_type': 'undef',
                                               'execution_index': 125,
                                               'layer_type': 'ReLU',
                                               'real_time': 0,
                                               'status': 'NOT_RUN'},
    'L0093_Conv2d-back_bone_seq.conv9_2_new_BN': {   'cpu_time': 7,
                                                     'exec_type': 'jit_avx2_1x1_FP32',
                                                     'execution_index': 126,
                                                     'layer_type': 'Convolution',
                                                     'real_time': 7,
                                                     'status': 'EXECUTED'},
    'L0094_ReLU-back_bone_seq.conv1_relu': {   'cpu_time': 0,
                                               'exec_type': 'undef',
                                               'execution_index': 127,
                                               'layer_type': 'ReLU',
                                               'real_time': 0,
                                               'status': 'NOT_RUN'},
    'L0095_Conv2d-loc_seq.conv9_2_mbox_loc': {   'cpu_time': 8,
                                                 'exec_type': 'jit_avx2_FP32',
                                                 'execution_index': 128,
                                                 'layer_type': 'Convolution',
                                                 'real_time': 8,
                                                 'status': 'EXECUTED'},
    'L0096_Conv2d-conf_preproc_seq.conv5_5_sep_relu.conv5_5_sep_reduce': {   'cpu_time': 44,
                                                                             'exec_type': 'jit_avx2_1x1_FP32',
                                                                             'execution_index': 182,
                                                                             'layer_type': 'Convolution',
                                                                             'real_time': 44,
                                                                             'status': 'EXECUTED'},
    'L0097_ReLU-back_bone_seq.conv1_relu': {   'cpu_time': 0,
                                               'exec_type': 'undef',
                                               'execution_index': 183,
                                               'layer_type': 'ReLU',
                                               'real_time': 0,
                                               'status': 'NOT_RUN'},
    'L0098_Conv2d-conf_seq.conv4_3_0_norm_mbox_conf_64.pre_conv4_3_0_norm_mbox_conf_64_BN': {   'cpu_time': 33,
                                                                                                'exec_type': 'jit_avx2_FP32',
                                                                                                'execution_index': 184,
                                                                                                'layer_type': 'Convolution',
                                                                                                'real_time': 33,
                                                                                                'status': 'EXECUTED'},
    'L0099_ReLU-back_bone_seq.conv1_relu': {   'cpu_time': 0,
                                               'exec_type': 'undef',
                                               'execution_index': 185,
                                               'layer_type': 'ReLU',
                                               'real_time': 0,
                                               'status': 'NOT_RUN'},
    'L0100_Conv2d-conf_seq.conv4_3_0_norm_mbox_conf_64.conv4_3_0_norm_mbox_conf_64': {   'cpu_time': 23,
                                                                                         'exec_type': 'jit_avx2_FP32',
                                                                                         'execution_index': 186,
                                                                                         'layer_type': 'Convolution',
                                                                                         'real_time': 23,
                                                                                         'status': 'EXECUTED'},
    'L0101_Conv2d-conf_seq.conv4_3_norm_mbox_conf_64.pre_conv4_3_norm_mbox_conf_64_BN': {   'cpu_time': 32,
                                                                                            'exec_type': 'jit_avx2_FP32',
                                                                                            'execution_index': 191,
                                                                                            'layer_type': 'Convolution',
                                                                                            'real_time': 32,
                                                                                            'status': 'EXECUTED'},
    'L0102_ReLU-back_bone_seq.conv1_relu': {   'cpu_time': 0,
                                               'exec_type': 'undef',
                                               'execution_index': 192,
                                               'layer_type': 'ReLU',
                                               'real_time': 0,
                                               'status': 'NOT_RUN'},
    'L0103_Conv2d-conf_seq.conv4_3_norm_mbox_conf_64.conv4_3_norm_mbox_conf_64': {   'cpu_time': 23,
                                                                                     'exec_type': 'jit_avx2_FP32',
                                                                                     'execution_index': 193,
                                                                                     'layer_type': 'Convolution',
                                                                                     'real_time': 23,
                                                                                     'status': 'EXECUTED'},
    'L0104_Conv2d-conf_preproc_seq.conv6_sep_relu.conv6_sep_reduce': {   'cpu_time': 11,
                                                                         'exec_type': 'jit_avx2_1x1_FP32',
                                                                         'execution_index': 171,
                                                                         'layer_type': 'Convolution',
                                                                         'real_time': 11,
                                                                         'status': 'EXECUTED'},
    'L0105_ReLU-back_bone_seq.conv1_relu': {   'cpu_time': 0,
                                               'exec_type': 'undef',
                                               'execution_index': 172,
                                               'layer_type': 'ReLU',
                                               'real_time': 0,
                                               'status': 'NOT_RUN'},
    'L0106_Conv2d-conf_seq.fc7_mbox_conf_64.pre_fc7_mbox_conf_64_BN': {   'cpu_time': 12,
                                                                          'exec_type': 'jit_avx2_FP32',
                                                                          'execution_index': 173,
                                                                          'layer_type': 'Convolution',
                                                                          'real_time': 12,
                                                                          'status': 'EXECUTED'},
    'L0107_ReLU-back_bone_seq.conv1_relu': {   'cpu_time': 0,
                                               'exec_type': 'undef',
                                               'execution_index': 174,
                                               'layer_type': 'ReLU',
                                               'real_time': 0,
                                               'status': 'NOT_RUN'},
    'L0108_Conv2d-conf_seq.fc7_mbox_conf_64.fc7_mbox_conf_64': {   'cpu_time': 12,
                                                                   'exec_type': 'jit_avx2_FP32',
                                                                   'execution_index': 175,
                                                                   'layer_type': 'Convolution',
                                                                   'real_time': 12,
                                                                   'status': 'EXECUTED'},
    'L0108_Conv2d-conf_seq.fc7_mbox_conf_64.fc7_mbox_conf_64_nChw8c_nchw_fc7_mbox_conf_perm': {   'cpu_time': 8,
                                                                                                  'exec_type': 'ref_any_FP32',
                                                                                                  'execution_index': 176,
                                                                                                  'layer_type': 'Reorder',
                                                                                                  'real_time': 8,
                                                                                                  'status': 'EXECUTED'},
    'L0109_Conv2d-conf_preproc_seq.conv6_2_new_relu.conv6_2_new_reduce': {   'cpu_time': 7,
                                                                             'exec_type': 'jit_avx2_1x1_FP32',
                                                                             'execution_index': 161,
                                                                             'layer_type': 'Convolution',
                                                                             'real_time': 7,
                                                                             'status': 'EXECUTED'},
    'L0110_ReLU-back_bone_seq.conv1_relu': {   'cpu_time': 0,
                                               'exec_type': 'undef',
                                               'execution_index': 162,
                                               'layer_type': 'ReLU',
                                               'real_time': 0,
                                               'status': 'NOT_RUN'},
    'L0111_Conv2d-conf_seq.conv6_2_mbox_conf_64.pre_conv6_2_mbox_conf_64_BN': {   'cpu_time': 7,
                                                                                  'exec_type': 'jit_avx2_FP32',
                                                                                  'execution_index': 163,
                                                                                  'layer_type': 'Convolution',
                                                                                  'real_time': 7,
                                                                                  'status': 'EXECUTED'},
    'L0112_ReLU-back_bone_seq.conv1_relu': {   'cpu_time': 0,
                                               'exec_type': 'undef',
                                               'execution_index': 164,
                                               'layer_type': 'ReLU',
                                               'real_time': 0,
                                               'status': 'NOT_RUN'},
    'L0113_Conv2d-conf_seq.conv6_2_mbox_conf_64.conv6_2_mbox_conf_64': {   'cpu_time': 7,
                                                                           'exec_type': 'jit_avx2_FP32',
                                                                           'execution_index': 165,
                                                                           'layer_type': 'Convolution',
                                                                           'real_time': 7,
                                                                           'status': 'EXECUTED'},
    'L0113_Conv2d-conf_seq.conv6_2_mbox_conf_64.conv6_2_mbox_conf_64_nChw8c_nchw_conv6_2_mbox_conf_perm': {   'cpu_time': 7,
                                                                                                              'exec_type': 'ref_any_FP32',
                                                                                                              'execution_index': 166,
                                                                                                              'layer_type': 'Reorder',
                                                                                                              'real_time': 7,
                                                                                                              'status': 'EXECUTED'},
    'L0114_Conv2d-conf_preproc_seq.conv7_2_new_relu.conv7_2_new_reduce': {   'cpu_time': 6,
                                                                             'exec_type': 'jit_avx2_1x1_FP32',
                                                                             'execution_index': 151,
                                                                             'layer_type': 'Convolution',
                                                                             'real_time': 6,
                                                                             'status': 'EXECUTED'},
    'L0115_ReLU-back_bone_seq.conv1_relu': {   'cpu_time': 0,
                                               'exec_type': 'undef',
                                               'execution_index': 152,
                                               'layer_type': 'ReLU',
                                               'real_time': 0,
                                               'status': 'NOT_RUN'},
    'L0116_Conv2d-conf_seq.conv7_2_mbox_conf_64.pre_conv7_2_mbox_conf_64_BN': {   'cpu_time': 5,
                                                                                  'exec_type': 'jit_avx2_FP32',
                                                                                  'execution_index': 153,
                                                                                  'layer_type': 'Convolution',
                                                                                  'real_time': 5,
                                                                                  'status': 'EXECUTED'},
    'L0117_ReLU-back_bone_seq.conv1_relu': {   'cpu_time': 0,
                                               'exec_type': 'undef',
                                               'execution_index': 154,
                                               'layer_type': 'ReLU',
                                               'real_time': 0,
                                               'status': 'NOT_RUN'},
    'L0118_Conv2d-conf_seq.conv7_2_mbox_conf_64.conv7_2_mbox_conf_64': {   'cpu_time': 6,
                                                                           'exec_type': 'jit_avx2_FP32',
                                                                           'execution_index': 155,
                                                                           'layer_type': 'Convolution',
                                                                           'real_time': 6,
                                                                           'status': 'EXECUTED'},
    'L0118_Conv2d-conf_seq.conv7_2_mbox_conf_64.conv7_2_mbox_conf_64_nChw8c_nchw_conv7_2_mbox_conf_perm': {   'cpu_time': 13,
                                                                                                              'exec_type': 'ref_any_FP32',
                                                                                                              'execution_index': 156,
                                                                                                              'layer_type': 'Reorder',
                                                                                                              'real_time': 13,
                                                                                                              'status': 'EXECUTED'},
    'L0119_Conv2d-conf_preproc_seq.conv8_2_new_relu.conv8_2_new_reduce': {   'cpu_time': 5,
                                                                             'exec_type': 'jit_avx2_1x1_FP32',
                                                                             'execution_index': 142,
                                                                             'layer_type': 'Convolution',
                                                                             'real_time': 5,
                                                                             'status': 'EXECUTED'},
    'L0120_ReLU-back_bone_seq.conv1_relu': {   'cpu_time': 0,
                                               'exec_type': 'undef',
                                               'execution_index': 143,
                                               'layer_type': 'ReLU',
                                               'real_time': 0,
                                               'status': 'NOT_RUN'},
    'L0121_Conv2d-conf_seq.conv8_2_mbox_conf_64.pre_conv8_2_mbox_conf_64_BN': {   'cpu_time': 4,
                                                                                  'exec_type': 'jit_avx2_FP32',
                                                                                  'execution_index': 144,
                                                                                  'layer_type': 'Convolution',
                                                                                  'real_time': 4,
                                                                                  'status': 'EXECUTED'},
    'L0122_ReLU-back_bone_seq.conv1_relu': {   'cpu_time': 0,
                                               'exec_type': 'undef',
                                               'execution_index': 145,
                                               'layer_type': 'ReLU',
                                               'real_time': 0,
                                               'status': 'NOT_RUN'},
    'L0123_Conv2d-conf_seq.conv8_2_mbox_conf_64.conv8_2_mbox_conf_64': {   'cpu_time': 3,
                                                                           'exec_type': 'jit_avx2_FP32',
                                                                           'execution_index': 146,
                                                                           'layer_type': 'Convolution',
                                                                           'real_time': 3,
                                                                           'status': 'EXECUTED'},
    'L0124_Conv2d-conf_preproc_seq.conv9_2_new_relu.conv9_2_new_reduce': {   'cpu_time': 3,
                                                                             'exec_type': 'jit_avx2_1x1_FP32',
                                                                             'execution_index': 133,
                                                                             'layer_type': 'Convolution',
                                                                             'real_time': 3,
                                                                             'status': 'EXECUTED'},
    'L0125_ReLU-back_bone_seq.conv1_relu': {   'cpu_time': 0,
                                               'exec_type': 'undef',
                                               'execution_index': 134,
                                               'layer_type': 'ReLU',
                                               'real_time': 0,
                                               'status': 'NOT_RUN'},
    'L0126_Conv2d-conf_seq.conv9_2_mbox_conf_64.pre_conv9_2_mbox_conf_64_BN': {   'cpu_time': 3,
                                                                                  'exec_type': 'jit_avx2_FP32',
                                                                                  'execution_index': 135,
                                                                                  'layer_type': 'Convolution',
                                                                                  'real_time': 3,
                                                                                  'status': 'EXECUTED'},
    'L0127_ReLU-back_bone_seq.conv1_relu': {   'cpu_time': 0,
                                               'exec_type': 'undef',
                                               'execution_index': 136,
                                               'layer_type': 'ReLU',
                                               'real_time': 0,
                                               'status': 'NOT_RUN'},
    'L0128_Conv2d-conf_seq.conv9_2_mbox_conf_64.conv9_2_mbox_conf_64': {   'cpu_time': 3,
                                                                           'exec_type': 'jit_avx2_FP32',
                                                                           'execution_index': 137,
                                                                           'layer_type': 'Convolution',
                                                                           'real_time': 3,
                                                                           'status': 'EXECUTED'},
    'Mul1_/Fused_Mul_/FusedScaleShift_': {   'cpu_time': 214,
                                             'exec_type': 'jit_sse42_FP32',
                                             'execution_index': 8,
                                             'layer_type': 'ScaleShift',
                                             'real_time': 214,
                                             'status': 'EXECUTED'},
    'conv4_3_0_norm_mbox_conf_flat': {   'cpu_time': 0,
                                         'exec_type': 'unknown_FP32',
                                         'execution_index': 188,
                                         'layer_type': 'Flatten',
                                         'real_time': 0,
                                         'status': 'NOT_RUN'},
    'conv4_3_0_norm_mbox_conf_flat___mbox_conf_16': {   'cpu_time': 5,
                                                        'exec_type': 'ref_any_FP32',
                                                        'execution_index': 189,
                                                        'layer_type': 'Reorder',
                                                        'real_time': 5,
                                                        'status': 'EXECUTED'},
    'conv4_3_0_norm_mbox_conf_perm': {   'cpu_time': 10,
                                         'exec_type': 'unknown_FP32',
                                         'execution_index': 187,
                                         'layer_type': 'Permute',
                                         'real_time': 10,
                                         'status': 'EXECUTED'},
    'conv4_3_0_norm_mbox_loc_flat': {   'cpu_time': 0,
                                        'exec_type': 'unknown_FP32',
                                        'execution_index': 69,
                                        'layer_type': 'Flatten',
                                        'real_time': 0,
                                        'status': 'NOT_RUN'},
    'conv4_3_0_norm_mbox_loc_flat___mbox_loc': {   'cpu_time': 16,
                                                   'exec_type': 'ref_any_FP32',
                                                   'execution_index': 70,
                                                   'layer_type': 'Reorder',
                                                   'real_time': 16,
                                                   'status': 'EXECUTED'},
    'conv4_3_0_norm_mbox_loc_perm': {   'cpu_time': 17,
                                        'exec_type': 'unknown_FP32',
                                        'execution_index': 68,
                                        'layer_type': 'Permute',
                                        'real_time': 17,
                                        'status': 'EXECUTED'},
    'conv4_3_0_norm_mbox_priorbox': {   'cpu_time': 0,
                                        'exec_type': 'unknown_FP32',
                                        'execution_index': 190,
                                        'layer_type': 'PriorBox',
                                        'real_time': 0,
                                        'status': 'NOT_RUN'},
    'conv4_3_norm_mbox_conf_flat': {   'cpu_time': 0,
                                       'exec_type': 'unknown_FP32',
                                       'execution_index': 195,
                                       'layer_type': 'Flatten',
                                       'real_time': 0,
                                       'status': 'NOT_RUN'},
    'conv4_3_norm_mbox_conf_flat___mbox_conf_16': {   'cpu_time': 6,
                                                      'exec_type': 'ref_any_FP32',
                                                      'execution_index': 196,
                                                      'layer_type': 'Reorder',
                                                      'real_time': 6,
                                                      'status': 'EXECUTED'},
    'conv4_3_norm_mbox_conf_perm': {   'cpu_time': 10,
                                       'exec_type': 'unknown_FP32',
                                       'execution_index': 194,
                                       'layer_type': 'Permute',
                                       'real_time': 10,
                                       'status': 'EXECUTED'},
    'conv4_3_norm_mbox_loc_flat': {   'cpu_time': 0,
                                      'exec_type': 'unknown_FP32',
                                      'execution_index': 74,
                                      'layer_type': 'Flatten',
                                      'real_time': 0,
                                      'status': 'NOT_RUN'},
    'conv4_3_norm_mbox_loc_flat___mbox_loc': {   'cpu_time': 6,
                                                 'exec_type': 'ref_any_FP32',
                                                 'execution_index': 75,
                                                 'layer_type': 'Reorder',
                                                 'real_time': 6,
                                                 'status': 'EXECUTED'},
    'conv4_3_norm_mbox_loc_perm': {   'cpu_time': 12,
                                      'exec_type': 'unknown_FP32',
                                      'execution_index': 73,
                                      'layer_type': 'Permute',
                                      'real_time': 12,
                                      'status': 'EXECUTED'},
    'conv4_3_norm_mbox_priorbox': {   'cpu_time': 0,
                                      'exec_type': 'unknown_FP32',
                                      'execution_index': 201,
                                      'layer_type': 'PriorBox',
                                      'real_time': 0,
                                      'status': 'NOT_RUN'},
    'conv6_2_mbox_conf_flat': {   'cpu_time': 0,
                                  'exec_type': 'unknown_FP32',
                                  'execution_index': 168,
                                  'layer_type': 'Flatten',
                                  'real_time': 0,
                                  'status': 'NOT_RUN'},
    'conv6_2_mbox_conf_flat___mbox_conf_16': {   'cpu_time': 4,
                                                 'exec_type': 'ref_any_FP32',
                                                 'execution_index': 169,
                                                 'layer_type': 'Reorder',
                                                 'real_time': 4,
                                                 'status': 'EXECUTED'},
    'conv6_2_mbox_conf_perm': {   'cpu_time': 5,
                                  'exec_type': 'unknown_FP32',
                                  'execution_index': 167,
                                  'layer_type': 'Permute',
                                  'real_time': 5,
                                  'status': 'EXECUTED'},
    'conv6_2_mbox_loc_flat': {   'cpu_time': 0,
                                 'exec_type': 'unknown_FP32',
                                 'execution_index': 100,
                                 'layer_type': 'Flatten',
                                 'real_time': 0,
                                 'status': 'NOT_RUN'},
    'conv6_2_mbox_loc_flat___mbox_loc': {   'cpu_time': 5,
                                            'exec_type': 'ref_any_FP32',
                                            'execution_index': 101,
                                            'layer_type': 'Reorder',
                                            'real_time': 5,
                                            'status': 'EXECUTED'},
    'conv6_2_mbox_loc_perm': {   'cpu_time': 6,
                                 'exec_type': 'unknown_FP32',
                                 'execution_index': 99,
                                 'layer_type': 'Permute',
                                 'real_time': 6,
                                 'status': 'EXECUTED'},
    'conv6_2_mbox_priorbox': {   'cpu_time': 0,
                                 'exec_type': 'unknown_FP32',
                                 'execution_index': 170,
                                 'layer_type': 'PriorBox',
                                 'real_time': 0,
                                 'status': 'NOT_RUN'},
    'conv7_2_mbox_conf_flat': {   'cpu_time': 0,
                                  'exec_type': 'unknown_FP32',
                                  'execution_index': 158,
                                  'layer_type': 'Flatten',
                                  'real_time': 0,
                                  'status': 'NOT_RUN'},
    'conv7_2_mbox_conf_flat___mbox_conf_16': {   'cpu_time': 4,
                                                 'exec_type': 'ref_any_FP32',
                                                 'execution_index': 159,
                                                 'layer_type': 'Reorder',
                                                 'real_time': 4,
                                                 'status': 'EXECUTED'},
    'conv7_2_mbox_conf_perm': {   'cpu_time': 5,
                                  'exec_type': 'unknown_FP32',
                                  'execution_index': 157,
                                  'layer_type': 'Permute',
                                  'real_time': 5,
                                  'status': 'EXECUTED'},
    'conv7_2_mbox_loc_flat': {   'cpu_time': 0,
                                 'exec_type': 'unknown_FP32',
                                 'execution_index': 110,
                                 'layer_type': 'Flatten',
                                 'real_time': 0,
                                 'status': 'NOT_RUN'},
    'conv7_2_mbox_loc_flat___mbox_loc': {   'cpu_time': 4,
                                            'exec_type': 'ref_any_FP32',
                                            'execution_index': 111,
                                            'layer_type': 'Reorder',
                                            'real_time': 4,
                                            'status': 'EXECUTED'},
    'conv7_2_mbox_loc_perm': {   'cpu_time': 5,
                                 'exec_type': 'unknown_FP32',
                                 'execution_index': 109,
                                 'layer_type': 'Permute',
                                 'real_time': 5,
                                 'status': 'EXECUTED'},
    'conv7_2_mbox_priorbox': {   'cpu_time': 0,
                                 'exec_type': 'unknown_FP32',
                                 'execution_index': 160,
                                 'layer_type': 'PriorBox',
                                 'real_time': 0,
                                 'status': 'NOT_RUN'},
    'conv8_2_mbox_conf_flat': {   'cpu_time': 0,
                                  'exec_type': 'unknown_FP32',
                                  'execution_index': 148,
                                  'layer_type': 'Flatten',
                                  'real_time': 0,
                                  'status': 'NOT_RUN'},
    'conv8_2_mbox_conf_flat___mbox_conf_16': {   'cpu_time': 4,
                                                 'exec_type': 'ref_any_FP32',
                                                 'execution_index': 149,
                                                 'layer_type': 'Reorder',
                                                 'real_time': 4,
                                                 'status': 'EXECUTED'},
    'conv8_2_mbox_conf_perm': {   'cpu_time': 4,
                                  'exec_type': 'unknown_FP32',
                                  'execution_index': 147,
                                  'layer_type': 'Permute',
                                  'real_time': 4,
                                  'status': 'EXECUTED'},
    'conv8_2_mbox_loc_flat': {   'cpu_time': 0,
                                 'exec_type': 'unknown_FP32',
                                 'execution_index': 120,
                                 'layer_type': 'Flatten',
                                 'real_time': 0,
                                 'status': 'NOT_RUN'},
    'conv8_2_mbox_loc_flat___mbox_loc': {   'cpu_time': 5,
                                            'exec_type': 'ref_any_FP32',
                                            'execution_index': 121,
                                            'layer_type': 'Reorder',
                                            'real_time': 5,
                                            'status': 'EXECUTED'},
    'conv8_2_mbox_loc_perm': {   'cpu_time': 4,
                                 'exec_type': 'unknown_FP32',
                                 'execution_index': 119,
                                 'layer_type': 'Permute',
                                 'real_time': 4,
                                 'status': 'EXECUTED'},
    'conv8_2_mbox_priorbox': {   'cpu_time': 0,
                                 'exec_type': 'unknown_FP32',
                                 'execution_index': 150,
                                 'layer_type': 'PriorBox',
                                 'real_time': 0,
                                 'status': 'NOT_RUN'},
    'conv9_2_mbox_conf_flat': {   'cpu_time': 0,
                                  'exec_type': 'unknown_FP32',
                                  'execution_index': 139,
                                  'layer_type': 'Flatten',
                                  'real_time': 0,
                                  'status': 'NOT_RUN'},
    'conv9_2_mbox_conf_flat___mbox_conf_16': {   'cpu_time': 4,
                                                 'exec_type': 'ref_any_FP32',
                                                 'execution_index': 140,
                                                 'layer_type': 'Reorder',
                                                 'real_time': 4,
                                                 'status': 'EXECUTED'},
    'conv9_2_mbox_conf_perm': {   'cpu_time': 4,
                                  'exec_type': 'unknown_FP32',
                                  'execution_index': 138,
                                  'layer_type': 'Permute',
                                  'real_time': 4,
                                  'status': 'EXECUTED'},
    'conv9_2_mbox_loc_flat': {   'cpu_time': 0,
                                 'exec_type': 'unknown_FP32',
                                 'execution_index': 130,
                                 'layer_type': 'Flatten',
                                 'real_time': 0,
                                 'status': 'NOT_RUN'},
    'conv9_2_mbox_loc_flat___mbox_loc': {   'cpu_time': 5,
                                            'exec_type': 'ref_any_FP32',
                                            'execution_index': 131,
                                            'layer_type': 'Reorder',
                                            'real_time': 5,
                                            'status': 'EXECUTED'},
    'conv9_2_mbox_loc_perm': {   'cpu_time': 4,
                                 'exec_type': 'unknown_FP32',
                                 'execution_index': 129,
                                 'layer_type': 'Permute',
                                 'real_time': 4,
                                 'status': 'EXECUTED'},
    'conv9_2_mbox_priorbox': {   'cpu_time': 0,
                                 'exec_type': 'unknown_FP32',
                                 'execution_index': 141,
                                 'layer_type': 'PriorBox',
                                 'real_time': 0,
                                 'status': 'NOT_RUN'},
    'data': {   'cpu_time': 1,
                'exec_type': 'unknown',
                'execution_index': 7,
                'layer_type': 'Input',
                'real_time': 1,
                'status': 'EXECUTED'},
    'detection_out': {   'cpu_time': 481,
                         'exec_type': 'unknown_FP32',
                         'execution_index': 203,
                         'layer_type': 'DetectionOutput',
                         'real_time': 481,
                         'status': 'EXECUTED'},
    'fc7_mbox_conf_flat': {   'cpu_time': 0,
                              'exec_type': 'unknown_FP32',
                              'execution_index': 178,
                              'layer_type': 'Flatten',
                              'real_time': 0,
                              'status': 'NOT_RUN'},
    'fc7_mbox_conf_flat___mbox_conf_16': {   'cpu_time': 5,
                                             'exec_type': 'ref_any_FP32',
                                             'execution_index': 179,
                                             'layer_type': 'Reorder',
                                             'real_time': 5,
                                             'status': 'EXECUTED'},
    'fc7_mbox_conf_perm': {   'cpu_time': 7,
                              'exec_type': 'unknown_FP32',
                              'execution_index': 177,
                              'layer_type': 'Permute',
                              'real_time': 7,
                              'status': 'EXECUTED'},
    'fc7_mbox_loc_flat': {   'cpu_time': 0,
                             'exec_type': 'unknown_FP32',
                             'execution_index': 90,
                             'layer_type': 'Flatten',
                             'real_time': 0,
                             'status': 'NOT_RUN'},
    'fc7_mbox_loc_flat___mbox_loc': {   'cpu_time': 6,
                                        'exec_type': 'ref_any_FP32',
                                        'execution_index': 91,
                                        'layer_type': 'Reorder',
                                        'real_time': 6,
                                        'status': 'EXECUTED'},
    'fc7_mbox_loc_perm': {   'cpu_time': 9,
                             'exec_type': 'unknown_FP32',
                             'execution_index': 89,
                             'layer_type': 'Permute',
                             'real_time': 9,
                             'status': 'EXECUTED'},
    'fc7_mbox_priorbox': {   'cpu_time': 0,
                             'exec_type': 'unknown_FP32',
                             'execution_index': 180,
                             'layer_type': 'PriorBox',
                             'real_time': 0,
                             'status': 'NOT_RUN'},
    'mbox_conf_16': {   'cpu_time': 6,
                        'exec_type': 'unknown_FP32',
                        'execution_index': 197,
                        'layer_type': 'Concat',
                        'real_time': 6,
                        'status': 'EXECUTED'},
    'mbox_conf_flatten': {   'cpu_time': 0,
                             'exec_type': 'unknown_FP32',
                             'execution_index': 200,
                             'layer_type': 'Flatten',
                             'real_time': 0,
                             'status': 'NOT_RUN'},
    'mbox_conf_reshape': {   'cpu_time': 0,
                             'exec_type': 'unknown_FP32',
                             'execution_index': 198,
                             'layer_type': 'Reshape',
                             'real_time': 0,
                             'status': 'NOT_RUN'},
    'mbox_conf_softmax': {   'cpu_time': 380,
                             'exec_type': 'ref_any_FP32',
                             'execution_index': 199,
                             'layer_type': 'SoftMax',
                             'real_time': 380,
                             'status': 'EXECUTED'},
    'mbox_loc': {   'cpu_time': 13,
                    'exec_type': 'unknown_FP32',
                    'execution_index': 132,
                    'layer_type': 'Concat',
                    'real_time': 13,
                    'status': 'EXECUTED'},
    'mbox_priorbox': {   'cpu_time': 0,
                         'exec_type': 'ref_FP32',
                         'execution_index': 202,
                         'layer_type': 'Concat',
                         'real_time': 0,
                         'status': 'NOT_RUN'},
    'out_detection_out': {   'cpu_time': 1,
                             'exec_type': 'unknown_FP32',
                             'execution_index': 204,
                             'layer_type': 'Output',
                             'real_time': 1,
                             'status': 'EXECUTED'}}
