{   'Mul_/Fused_Mul_/FusedScaleShift_': {   'cpu_time': 33,
                                            'exec_type': 'jit_sse42_FP32',
                                            'execution_index': 0,
                                            'layer_type': 'ScaleShift',
                                            'real_time': 33,
                                            'status': 'EXECUTED'},
    'Mul_1043/FusedScaleShift_': {   'cpu_time': 0,
                                     'exec_type': 'undef',
                                     'execution_index': 3,
                                     'layer_type': 'ScaleShift',
                                     'real_time': 0,
                                     'status': 'NOT_RUN'},
    'Mul_1049/FusedScaleShift_': {   'cpu_time': 0,
                                     'exec_type': 'undef',
                                     'execution_index': 15,
                                     'layer_type': 'ScaleShift',
                                     'real_time': 0,
                                     'status': 'NOT_RUN'},
    'Mul_1052/FusedScaleShift_': {   'cpu_time': 0,
                                     'exec_type': 'undef',
                                     'execution_index': 7,
                                     'layer_type': 'ScaleShift',
                                     'real_time': 0,
                                     'status': 'NOT_RUN'},
    'Mul_1055/FusedScaleShift_': {   'cpu_time': 0,
                                     'exec_type': 'undef',
                                     'execution_index': 11,
                                     'layer_type': 'ScaleShift',
                                     'real_time': 0,
                                     'status': 'NOT_RUN'},
    'Mul_1064/FusedScaleShift_': {   'cpu_time': 0,
                                     'exec_type': 'undef',
                                     'execution_index': 19,
                                     'layer_type': 'ScaleShift',
                                     'real_time': 0,
                                     'status': 'NOT_RUN'},
    'angle_p': {   'cpu_time': 30,
                   'exec_type': 'jit_avx2_1x1_FP32',
                   'execution_index': 21,
                   'layer_type': 'Convolution',
                   'real_time': 30,
                   'status': 'EXECUTED'},
    'angle_p_fc': {   'cpu_time': 7424,
                      'exec_type': 'gemm_blas_FP32',
                      'execution_index': 23,
                      'layer_type': 'FullyConnected',
                      'real_time': 7424,
                      'status': 'EXECUTED'},
    'angle_r': {   'cpu_time': 55,
                   'exec_type': 'jit_avx2_1x1_FP32',
                   'execution_index': 25,
                   'layer_type': 'Convolution',
                   'real_time': 55,
                   'status': 'EXECUTED'},
    'angle_r_fc': {   'cpu_time': 5,
                      'exec_type': 'gemm_blas_FP32',
                      'execution_index': 27,
                      'layer_type': 'FullyConnected',
                      'real_time': 5,
                      'status': 'EXECUTED'},
    'angle_y': {   'cpu_time': 29,
                   'exec_type': 'jit_avx2_1x1_FP32',
                   'execution_index': 29,
                   'layer_type': 'Convolution',
                   'real_time': 29,
                   'status': 'EXECUTED'},
    'angle_y_fc': {   'cpu_time': 4,
                      'exec_type': 'gemm_blas_FP32',
                      'execution_index': 31,
                      'layer_type': 'FullyConnected',
                      'real_time': 4,
                      'status': 'EXECUTED'},
    'conv1': {   'cpu_time': 238,
                 'exec_type': 'jit_sse42_FP32',
                 'execution_index': 1,
                 'layer_type': 'Convolution',
                 'real_time': 238,
                 'status': 'EXECUTED'},
    'conv2': {   'cpu_time': 195,
                 'exec_type': 'jit_sse42_FP32',
                 'execution_index': 5,
                 'layer_type': 'Convolution',
                 'real_time': 195,
                 'status': 'EXECUTED'},
    'conv3': {   'cpu_time': 403,
                 'exec_type': 'jit_sse42_FP32',
                 'execution_index': 9,
                 'layer_type': 'Convolution',
                 'real_time': 403,
                 'status': 'EXECUTED'},
    'conv4': {   'cpu_time': 123,
                 'exec_type': 'jit_sse42_FP32',
                 'execution_index': 13,
                 'layer_type': 'Convolution',
                 'real_time': 123,
                 'status': 'EXECUTED'},
    'conv5': {   'cpu_time': 175,
                 'exec_type': 'jit_sse42_FP32',
                 'execution_index': 17,
                 'layer_type': 'Convolution',
                 'real_time': 175,
                 'status': 'EXECUTED'},
    'conv_fm': {   'cpu_time': 404,
                   'exec_type': 'jit_avx2_FP32',
                   'execution_index': 20,
                   'layer_type': 'Convolution',
                   'real_time': 404,
                   'status': 'EXECUTED'},
    'out_angle_p_fc': {   'cpu_time': 1,
                          'exec_type': 'unknown_FP32',
                          'execution_index': 24,
                          'layer_type': 'Output',
                          'real_time': 1,
                          'status': 'EXECUTED'},
    'out_angle_r_fc': {   'cpu_time': 0,
                          'exec_type': 'unknown_FP32',
                          'execution_index': 28,
                          'layer_type': 'Output',
                          'real_time': 0,
                          'status': 'NOT_RUN'},
    'out_angle_y_fc': {   'cpu_time': 0,
                          'exec_type': 'unknown_FP32',
                          'execution_index': 32,
                          'layer_type': 'Output',
                          'real_time': 0,
                          'status': 'NOT_RUN'},
    'pool1': {   'cpu_time': 72,
                 'exec_type': 'jit_avx2_FP32',
                 'execution_index': 4,
                 'layer_type': 'Convolution',
                 'real_time': 72,
                 'status': 'EXECUTED'},
    'pool2': {   'cpu_time': 16,
                 'exec_type': 'jit_avx_FP32',
                 'execution_index': 8,
                 'layer_type': 'Pooling',
                 'real_time': 16,
                 'status': 'EXECUTED'},
    'pool3': {   'cpu_time': 80,
                 'exec_type': 'jit_avx2_FP32',
                 'execution_index': 12,
                 'layer_type': 'Convolution',
                 'real_time': 80,
                 'status': 'EXECUTED'},
    'pool4': {   'cpu_time': 6,
                 'exec_type': 'jit_avx_FP32',
                 'execution_index': 16,
                 'layer_type': 'Pooling',
                 'real_time': 6,
                 'status': 'EXECUTED'},
    'relu_conv1': {   'cpu_time': 0,
                      'exec_type': 'undef',
                      'execution_index': 2,
                      'layer_type': 'ReLU',
                      'real_time': 0,
                      'status': 'NOT_RUN'},
    'relu_conv2': {   'cpu_time': 0,
                      'exec_type': 'undef',
                      'execution_index': 6,
                      'layer_type': 'ReLU',
                      'real_time': 0,
                      'status': 'NOT_RUN'},
    'relu_conv3': {   'cpu_time': 0,
                      'exec_type': 'undef',
                      'execution_index': 10,
                      'layer_type': 'ReLU',
                      'real_time': 0,
                      'status': 'NOT_RUN'},
    'relu_conv4': {   'cpu_time': 0,
                      'exec_type': 'undef',
                      'execution_index': 14,
                      'layer_type': 'ReLU',
                      'real_time': 0,
                      'status': 'NOT_RUN'},
    'relu_conv5': {   'cpu_time': 0,
                      'exec_type': 'undef',
                      'execution_index': 18,
                      'layer_type': 'ReLU',
                      'real_time': 0,
                      'status': 'NOT_RUN'},
    'relu_p_1': {   'cpu_time': 0,
                    'exec_type': 'undef',
                    'execution_index': 22,
                    'layer_type': 'ReLU',
                    'real_time': 0,
                    'status': 'NOT_RUN'},
    'relu_r_1': {   'cpu_time': 0,
                    'exec_type': 'undef',
                    'execution_index': 26,
                    'layer_type': 'ReLU',
                    'real_time': 0,
                    'status': 'NOT_RUN'},
    'relu_y_1': {   'cpu_time': 0,
                    'exec_type': 'undef',
                    'execution_index': 30,
                    'layer_type': 'ReLU',
                    'real_time': 0,
                    'status': 'NOT_RUN'}}
