{   '68': {   'cpu_time': 164,
              'exec_type': 'jit_sse42_FP32',
              'execution_index': 1,
              'layer_type': 'Convolution',
              'real_time': 164,
              'status': 'EXECUTED'},
    '69': {   'cpu_time': 0,
              'exec_type': 'undef',
              'execution_index': 2,
              'layer_type': 'PReLU',
              'real_time': 0,
              'status': 'NOT_RUN'},
    '70': {   'cpu_time': 32,
              'exec_type': 'jit_avx_FP32',
              'execution_index': 3,
              'layer_type': 'Pooling',
              'real_time': 32,
              'status': 'EXECUTED'},
    '72': {   'cpu_time': 67,
              'exec_type': 'jit_sse42_FP32',
              'execution_index': 5,
              'layer_type': 'Convolution',
              'real_time': 67,
              'status': 'EXECUTED'},
    '73': {   'cpu_time': 0,
              'exec_type': 'undef',
              'execution_index': 6,
              'layer_type': 'PReLU',
              'real_time': 0,
              'status': 'NOT_RUN'},
    '74': {   'cpu_time': 6,
              'exec_type': 'jit_avx_FP32',
              'execution_index': 7,
              'layer_type': 'Pooling',
              'real_time': 6,
              'status': 'EXECUTED'},
    '76': {   'cpu_time': 66,
              'exec_type': 'jit_sse42_FP32',
              'execution_index': 9,
              'layer_type': 'Convolution',
              'real_time': 66,
              'status': 'EXECUTED'},
    '77': {   'cpu_time': 0,
              'exec_type': 'undef',
              'execution_index': 10,
              'layer_type': 'PReLU',
              'real_time': 0,
              'status': 'NOT_RUN'},
    '78': {   'cpu_time': 6,
              'exec_type': 'jit_avx_FP32',
              'execution_index': 11,
              'layer_type': 'Pooling',
              'real_time': 6,
              'status': 'EXECUTED'},
    '80': {   'cpu_time': 40,
              'exec_type': 'jit_sse42_FP32',
              'execution_index': 13,
              'layer_type': 'Convolution',
              'real_time': 40,
              'status': 'EXECUTED'},
    '81': {   'cpu_time': 0,
              'exec_type': 'undef',
              'execution_index': 14,
              'layer_type': 'PReLU',
              'real_time': 0,
              'status': 'NOT_RUN'},
    '83': {   'cpu_time': 77,
              'exec_type': 'jit_sse42_FP32',
              'execution_index': 16,
              'layer_type': 'Convolution',
              'real_time': 77,
              'status': 'EXECUTED'},
    '84': {   'cpu_time': 0,
              'exec_type': 'undef',
              'execution_index': 17,
              'layer_type': 'PReLU',
              'real_time': 0,
              'status': 'NOT_RUN'},
    '86': {   'cpu_time': 11,
              'exec_type': 'jit_sse42_dw_FP32',
              'execution_index': 19,
              'layer_type': 'Convolution',
              'real_time': 11,
              'status': 'EXECUTED'},
    '87': {   'cpu_time': 0,
              'exec_type': 'undef',
              'execution_index': 20,
              'layer_type': 'PReLU',
              'real_time': 0,
              'status': 'NOT_RUN'},
    '89': {   'cpu_time': 32,
              'exec_type': 'jit_sse42_1x1_FP32',
              'execution_index': 22,
              'layer_type': 'Convolution',
              'real_time': 32,
              'status': 'EXECUTED'},
    '90': {   'cpu_time': 0,
              'exec_type': 'undef',
              'execution_index': 23,
              'layer_type': 'PReLU',
              'real_time': 0,
              'status': 'NOT_RUN'},
    '92': {   'cpu_time': 9,
              'exec_type': 'jit_sse42_1x1_FP32',
              'execution_index': 25,
              'layer_type': 'Convolution',
              'real_time': 9,
              'status': 'EXECUTED'},
    '93': {   'cpu_time': 0,
              'exec_type': 'undef',
              'execution_index': 26,
              'layer_type': 'PReLU',
              'real_time': 0,
              'status': 'NOT_RUN'},
    '94': {   'cpu_time': 5,
              'exec_type': 'jit_sse42_1x1_FP32',
              'execution_index': 27,
              'layer_type': 'Convolution',
              'real_time': 5,
              'status': 'EXECUTED'},
    '94_nChw8c_nchw_out_95': {   'cpu_time': 9,
                                 'exec_type': 'ref_any_FP32',
                                 'execution_index': 29,
                                 'layer_type': 'Reorder',
                                 'real_time': 9,
                                 'status': 'EXECUTED'},
    '95': {   'cpu_time': 0,
              'exec_type': 'undef',
              'execution_index': 28,
              'layer_type': 'sigmoid',
              'real_time': 0,
              'status': 'NOT_RUN'},
    'Mul1_1318/Fused_Mul_/FusedScaleShift_': {   'cpu_time': 0,
                                                 'exec_type': 'undef',
                                                 'execution_index': 21,
                                                 'layer_type': 'ScaleShift',
                                                 'real_time': 0,
                                                 'status': 'NOT_RUN'},
    'Mul1_1330/Fused_Mul_/FusedScaleShift_': {   'cpu_time': 0,
                                                 'exec_type': 'undef',
                                                 'execution_index': 15,
                                                 'layer_type': 'ScaleShift',
                                                 'real_time': 0,
                                                 'status': 'NOT_RUN'},
    'Mul1_1342/Fused_Mul_/FusedScaleShift_': {   'cpu_time': 3,
                                                 'exec_type': 'jit_sse42_FP32',
                                                 'execution_index': 8,
                                                 'layer_type': 'ScaleShift',
                                                 'real_time': 3,
                                                 'status': 'EXECUTED'},
    'Mul1_1354/Fused_Mul_/FusedScaleShift_': {   'cpu_time': 5,
                                                 'exec_type': 'jit_sse42_FP32',
                                                 'execution_index': 4,
                                                 'layer_type': 'ScaleShift',
                                                 'real_time': 5,
                                                 'status': 'EXECUTED'},
    'Mul1_1366/Fused_Mul_/FusedScaleShift_': {   'cpu_time': 0,
                                                 'exec_type': 'undef',
                                                 'execution_index': 18,
                                                 'layer_type': 'ScaleShift',
                                                 'real_time': 0,
                                                 'status': 'NOT_RUN'},
    'Mul1_1378/Fused_Mul_/FusedScaleShift_': {   'cpu_time': 0,
                                                 'exec_type': 'undef',
                                                 'execution_index': 24,
                                                 'layer_type': 'ScaleShift',
                                                 'real_time': 0,
                                                 'status': 'NOT_RUN'},
    'Mul1_1390/Fused_Mul_/FusedScaleShift_': {   'cpu_time': 4,
                                                 'exec_type': 'jit_sse42_FP32',
                                                 'execution_index': 12,
                                                 'layer_type': 'ScaleShift',
                                                 'real_time': 4,
                                                 'status': 'EXECUTED'},
    'Mul_/Fused_Mul_/FusedScaleShift_': {   'cpu_time': 27,
                                            'exec_type': 'jit_sse42_FP32',
                                            'execution_index': 0,
                                            'layer_type': 'ScaleShift',
                                            'real_time': 27,
                                            'status': 'EXECUTED'},
    'out_95': {   'cpu_time': 0,
                  'exec_type': 'unknown_FP32',
                  'execution_index': 30,
                  'layer_type': 'Output',
                  'real_time': 0,
                  'status': 'NOT_RUN'}}
