{   '100': {   'cpu_time': 61,
               'exec_type': 'jit_avx2_FP32',
               'execution_index': 11,
               'layer_type': 'Convolution',
               'real_time': 61,
               'status': 'EXECUTED'},
    '102': {   'cpu_time': 77,
               'exec_type': 'jit_sse42_FP32',
               'execution_index': 14,
               'layer_type': 'Convolution',
               'real_time': 77,
               'status': 'EXECUTED'},
    '103': {   'cpu_time': 0,
               'exec_type': 'undef',
               'execution_index': 15,
               'layer_type': 'ReLU',
               'real_time': 0,
               'status': 'NOT_RUN'},
    '105': {   'cpu_time': 63,
               'exec_type': 'jit_avx2_FP32',
               'execution_index': 17,
               'layer_type': 'Convolution',
               'real_time': 63,
               'status': 'EXECUTED'},
    '106': {   'cpu_time': 194,
               'exec_type': 'jit_sse42_FP32',
               'execution_index': 18,
               'layer_type': 'Convolution',
               'real_time': 194,
               'status': 'EXECUTED'},
    '107': {   'cpu_time': 0,
               'exec_type': 'undef',
               'execution_index': 19,
               'layer_type': 'ReLU',
               'real_time': 0,
               'status': 'NOT_RUN'},
    '109': {   'cpu_time': 60,
               'exec_type': 'jit_avx2_FP32',
               'execution_index': 21,
               'layer_type': 'Convolution',
               'real_time': 60,
               'status': 'EXECUTED'},
    '110': {   'cpu_time': 2,
               'exec_type': 'unknown_FP32',
               'execution_index': 22,
               'layer_type': 'Concat',
               'real_time': 2,
               'status': 'EXECUTED'},
    '111': {   'cpu_time': 386,
               'exec_type': 'jit_sse42_FP32',
               'execution_index': 23,
               'layer_type': 'Convolution',
               'real_time': 386,
               'status': 'EXECUTED'},
    '112': {   'cpu_time': 0,
               'exec_type': 'undef',
               'execution_index': 24,
               'layer_type': 'ReLU',
               'real_time': 0,
               'status': 'NOT_RUN'},
    '114': {   'cpu_time': 80,
               'exec_type': 'jit_avx2_FP32',
               'execution_index': 26,
               'layer_type': 'Convolution',
               'real_time': 80,
               'status': 'EXECUTED'},
    '115': {   'cpu_time': 123,
               'exec_type': 'jit_sse42_FP32',
               'execution_index': 27,
               'layer_type': 'Convolution',
               'real_time': 123,
               'status': 'EXECUTED'},
    '116': {   'cpu_time': 0,
               'exec_type': 'undef',
               'execution_index': 28,
               'layer_type': 'ReLU',
               'real_time': 0,
               'status': 'NOT_RUN'},
    '118': {   'cpu_time': 39,
               'exec_type': 'jit_avx2_FP32',
               'execution_index': 30,
               'layer_type': 'Convolution',
               'real_time': 39,
               'status': 'EXECUTED'},
    '119': {   'cpu_time': 77,
               'exec_type': 'jit_sse42_FP32',
               'execution_index': 31,
               'layer_type': 'Convolution',
               'real_time': 77,
               'status': 'EXECUTED'},
    '120': {   'cpu_time': 0,
               'exec_type': 'undef',
               'execution_index': 32,
               'layer_type': 'ReLU',
               'real_time': 0,
               'status': 'NOT_RUN'},
    '122': {   'cpu_time': 413,
               'exec_type': 'jit_avx2_FP32',
               'execution_index': 34,
               'layer_type': 'Convolution',
               'real_time': 413,
               'status': 'EXECUTED'},
    '122_nChw8c_nchw_130': {   'cpu_time': 9,
                               'exec_type': 'jit_uni_FP32',
                               'execution_index': 35,
                               'layer_type': 'Reorder',
                               'real_time': 9,
                               'status': 'EXECUTED'},
    '130': {   'cpu_time': 0,
               'exec_type': 'unknown_FP32',
               'execution_index': 36,
               'layer_type': 'Reshape',
               'real_time': 0,
               'status': 'NOT_RUN'},
    '130___139': {   'cpu_time': 8,
                     'exec_type': 'ref_any_FP32',
                     'execution_index': 37,
                     'layer_type': 'Reorder',
                     'real_time': 8,
                     'status': 'EXECUTED'},
    '138': {   'cpu_time': 1,
               'exec_type': 'unknown_FP32',
               'execution_index': 0,
               'layer_type': 'Reshape',
               'real_time': 1,
               'status': 'EXECUTED'},
    '138___139': {   'cpu_time': 30,
                     'exec_type': 'ref_any_FP32',
                     'execution_index': 1,
                     'layer_type': 'Reorder',
                     'real_time': 30,
                     'status': 'EXECUTED'},
    '139': {   'cpu_time': 3,
               'exec_type': 'unknown_FP32',
               'execution_index': 38,
               'layer_type': 'Concat',
               'real_time': 3,
               'status': 'EXECUTED'},
    '140167': {   'cpu_time': 25,
                  'exec_type': 'unknown_FP32',
                  'execution_index': 39,
                  'layer_type': 'Unsqueeze',
                  'real_time': 25,
                  'status': 'EXECUTED'},
    '140167___141161': {   'cpu_time': 6,
                           'exec_type': 'ref_any_FP32',
                           'execution_index': 40,
                           'layer_type': 'Reorder',
                           'real_time': 6,
                           'status': 'EXECUTED'},
    '141161': {   'cpu_time': 7,
                  'exec_type': 'unknown_FP32',
                  'execution_index': 41,
                  'layer_type': 'Unsqueeze',
                  'real_time': 7,
                  'status': 'EXECUTED'},
    '141161_nchw_nChw8c_142': {   'cpu_time': 8,
                                  'exec_type': 'ref_any_FP32',
                                  'execution_index': 42,
                                  'layer_type': 'Reorder',
                                  'real_time': 8,
                                  'status': 'EXECUTED'},
    '142': {   'cpu_time': 58,
               'exec_type': 'jit_avx2_1x1_FP32',
               'execution_index': 43,
               'layer_type': 'Convolution',
               'real_time': 58,
               'status': 'EXECUTED'},
    '144': {   'cpu_time': 0,
               'exec_type': 'undef',
               'execution_index': 44,
               'layer_type': 'ReLU',
               'real_time': 0,
               'status': 'NOT_RUN'},
    '145': {   'cpu_time': 12,
               'exec_type': 'jit_sse42_1x1_FP32',
               'execution_index': 45,
               'layer_type': 'Convolution',
               'real_time': 12,
               'status': 'EXECUTED'},
    '146': {   'cpu_time': 0,
               'exec_type': 'undef',
               'execution_index': 46,
               'layer_type': 'ReLU',
               'real_time': 0,
               'status': 'NOT_RUN'},
    '148': {   'cpu_time': 10,
               'exec_type': 'jit_avx2_1x1_FP32',
               'execution_index': 48,
               'layer_type': 'Convolution',
               'real_time': 10,
               'status': 'EXECUTED'},
    '148_nChw8c_nchw_150': {   'cpu_time': 4,
                               'exec_type': 'ref_any_FP32',
                               'execution_index': 49,
                               'layer_type': 'Reorder',
                               'real_time': 4,
                               'status': 'EXECUTED'},
    '150': {   'cpu_time': 9,
               'exec_type': 'unknown_FP32',
               'execution_index': 50,
               'layer_type': 'Squeeze',
               'real_time': 9,
               'status': 'EXECUTED'},
    '150___gaze_vector': {   'cpu_time': 12,
                             'exec_type': 'ref_any_FP32',
                             'execution_index': 51,
                             'layer_type': 'Reorder',
                             'real_time': 12,
                             'status': 'EXECUTED'},
    '93': {   'cpu_time': 178,
              'exec_type': 'jit_sse42_FP32',
              'execution_index': 4,
              'layer_type': 'Convolution',
              'real_time': 178,
              'status': 'EXECUTED'},
    '94': {   'cpu_time': 0,
              'exec_type': 'undef',
              'execution_index': 5,
              'layer_type': 'ReLU',
              'real_time': 0,
              'status': 'NOT_RUN'},
    '96': {   'cpu_time': 72,
              'exec_type': 'jit_avx2_FP32',
              'execution_index': 7,
              'layer_type': 'Convolution',
              'real_time': 72,
              'status': 'EXECUTED'},
    '97': {   'cpu_time': 196,
              'exec_type': 'jit_sse42_FP32',
              'execution_index': 8,
              'layer_type': 'Convolution',
              'real_time': 196,
              'status': 'EXECUTED'},
    '98': {   'cpu_time': 0,
              'exec_type': 'undef',
              'execution_index': 9,
              'layer_type': 'ReLU',
              'real_time': 0,
              'status': 'NOT_RUN'},
    'Mul1_/Fused_Mul_/FusedScaleShift_': {   'cpu_time': 0,
                                             'exec_type': 'undef',
                                             'execution_index': 10,
                                             'layer_type': 'ScaleShift',
                                             'real_time': 0,
                                             'status': 'NOT_RUN'},
    'Mul1_1941/Fused_Mul_/FusedScaleShift_': {   'cpu_time': 23,
                                                 'exec_type': 'jit_sse42_FP32',
                                                 'execution_index': 3,
                                                 'layer_type': 'ScaleShift',
                                                 'real_time': 23,
                                                 'status': 'EXECUTED'},
    'Mul1_1953/Fused_Mul_/FusedScaleShift_': {   'cpu_time': 0,
                                                 'exec_type': 'undef',
                                                 'execution_index': 47,
                                                 'layer_type': 'ScaleShift',
                                                 'real_time': 0,
                                                 'status': 'NOT_RUN'},
    'Mul1_1965/Fused_Mul_/FusedScaleShift_': {   'cpu_time': 0,
                                                 'exec_type': 'undef',
                                                 'execution_index': 16,
                                                 'layer_type': 'ScaleShift',
                                                 'real_time': 0,
                                                 'status': 'NOT_RUN'},
    'Mul1_1989/Fused_Mul_/FusedScaleShift_': {   'cpu_time': 0,
                                                 'exec_type': 'undef',
                                                 'execution_index': 33,
                                                 'layer_type': 'ScaleShift',
                                                 'real_time': 0,
                                                 'status': 'NOT_RUN'},
    'Mul1_2001/Fused_Mul_/FusedScaleShift_': {   'cpu_time': 0,
                                                 'exec_type': 'undef',
                                                 'execution_index': 25,
                                                 'layer_type': 'ScaleShift',
                                                 'real_time': 0,
                                                 'status': 'NOT_RUN'},
    'Mul1_2013/Fused_Mul_/FusedScaleShift_': {   'cpu_time': 7,
                                                 'exec_type': 'jit_sse42_FP32',
                                                 'execution_index': 13,
                                                 'layer_type': 'ScaleShift',
                                                 'real_time': 7,
                                                 'status': 'EXECUTED'},
    'Mul1_2025/Fused_Mul_/FusedScaleShift_': {   'cpu_time': 0,
                                                 'exec_type': 'undef',
                                                 'execution_index': 6,
                                                 'layer_type': 'ScaleShift',
                                                 'real_time': 0,
                                                 'status': 'NOT_RUN'},
    'Mul1_2037/Fused_Mul_/FusedScaleShift_': {   'cpu_time': 0,
                                                 'exec_type': 'undef',
                                                 'execution_index': 29,
                                                 'layer_type': 'ScaleShift',
                                                 'real_time': 0,
                                                 'status': 'NOT_RUN'},
    'Mul1_2049/Fused_Mul_/FusedScaleShift_': {   'cpu_time': 0,
                                                 'exec_type': 'undef',
                                                 'execution_index': 20,
                                                 'layer_type': 'ScaleShift',
                                                 'real_time': 0,
                                                 'status': 'NOT_RUN'},
    'gaze_vector': {   'cpu_time': 7,
                       'exec_type': 'unknown_FP32',
                       'execution_index': 52,
                       'layer_type': 'Squeeze',
                       'real_time': 7,
                       'status': 'EXECUTED'},
    'left_eye_image': {   'cpu_time': 0,
                          'exec_type': 'unknown',
                          'execution_index': 2,
                          'layer_type': 'Input',
                          'real_time': 0,
                          'status': 'NOT_RUN'},
    'out_gaze_vector': {   'cpu_time': 1,
                           'exec_type': 'unknown_FP32',
                           'execution_index': 53,
                           'layer_type': 'Output',
                           'real_time': 1,
                           'status': 'EXECUTED'},
    'right_eye_image': {   'cpu_time': 0,
                           'exec_type': 'unknown',
                           'execution_index': 12,
                           'layer_type': 'Input',
                           'real_time': 0,
                           'status': 'NOT_RUN'}}
